Started GET "/posts" for ::1 at 2021-03-16 03:55:14 +0900
  [1m[35m (1.4ms)[0m  [1m[34mSELECT sqlite_version(*)[0m
  [1m[35m (0.2ms)[0m  [1m[34mSELECT "schema_migrations"."version" FROM "schema_migrations" ORDER BY "schema_migrations"."version" ASC[0m
Processing by PostsController#index as HTML
  Rendering posts/index.html.erb within layouts/application
  [1m[36mPost Load (0.2ms)[0m  [1m[34mSELECT "posts".* FROM "posts"[0m
  ↳ app/views/posts/index.html.erb:5
  [1m[36mUser Load (0.1ms)[0m  [1m[34mSELECT "users".* FROM "users" WHERE "users"."deleted_at" IS NULL AND "users"."id" = ? LIMIT ?[0m  [["id", 1], ["LIMIT", 1]]
  ↳ app/views/posts/index.html.erb:8
  Rendered posts/index.html.erb within layouts/application (Duration: 25.2ms | Allocations: 21120)
[Webpacker] Everything's up-to-date. Nothing to do
  [1m[36mUser Load (0.2ms)[0m  [1m[34mSELECT "users".* FROM "users" WHERE "users"."deleted_at" IS NULL AND "users"."id" = ? ORDER BY "users"."id" ASC LIMIT ?[0m  [["id", 1], ["LIMIT", 1]]
  ↳ app/views/layouts/application.html.erb:40
Completed 200 OK in 221ms (Views: 205.8ms | ActiveRecord: 1.2ms | Allocations: 53406)


Started GET "/posts/1" for ::1 at 2021-03-16 03:55:59 +0900
  [1m[35m (0.1ms)[0m  [1m[34mSELECT sqlite_version(*)[0m
Processing by PostsController#show as HTML
  Parameters: {"id"=>"1"}
  [1m[36mPost Load (0.1ms)[0m  [1m[34mSELECT "posts".* FROM "posts" WHERE "posts"."id" = ? LIMIT ?[0m  [["id", 1], ["LIMIT", 1]]
  ↳ app/controllers/posts_controller.rb:25:in `show'
  [1m[36mUser Load (0.1ms)[0m  [1m[34mSELECT "users".* FROM "users" WHERE "users"."deleted_at" IS NULL AND "users"."id" = ? LIMIT ?[0m  [["id", 1], ["LIMIT", 1]]
  ↳ app/controllers/posts_controller.rb:27:in `show'
  [1m[36mPet Load (0.1ms)[0m  [1m[34mSELECT "pets".* FROM "pets" WHERE "pets"."id" = ? LIMIT ?[0m  [["id", 1], ["LIMIT", 1]]
  ↳ app/controllers/posts_controller.rb:28:in `show'
  Rendering posts/show.html.erb within layouts/application
  [1m[36mUser Load (0.1ms)[0m  [1m[34mSELECT "users".* FROM "users" WHERE "users"."deleted_at" IS NULL AND "users"."id" = ? ORDER BY "users"."id" ASC LIMIT ?[0m  [["id", 1], ["LIMIT", 1]]
  ↳ app/views/favorites/_favorite.html.erb:2
  [1m[36mFavorite Exists? (0.1ms)[0m  [1m[34mSELECT 1 AS one FROM "favorites" WHERE "favorites"."post_id" = ? AND "favorites"."user_id" = ? LIMIT ?[0m  [["post_id", 1], ["user_id", 1], ["LIMIT", 1]]
  ↳ app/models/post.rb:17:in `favorited_by?'
  [1m[35m (0.1ms)[0m  [1m[34mSELECT COUNT(*) FROM "favorites" WHERE "favorites"."post_id" = ?[0m  [["post_id", 1]]
  ↳ app/views/favorites/_favorite.html.erb:4
  Rendered favorites/_favorite.html.erb (Duration: 6.6ms | Allocations: 4876)
  [1m[36mPostComment Load (0.2ms)[0m  [1m[34mSELECT "post_comments".* FROM "post_comments" WHERE "post_comments"."post_id" = ?[0m  [["post_id", 1]]
  ↳ app/views/post_comments/_post_comment.html.erb:1
  [1m[36mCACHE User Load (0.0ms)[0m  [1m[34mSELECT "users".* FROM "users" WHERE "users"."deleted_at" IS NULL AND "users"."id" = ? LIMIT ?[0m  [["id", 1], ["LIMIT", 1]]
  ↳ app/views/post_comments/_post_comment.html.erb:3
  [1m[36mCACHE User Load (0.0ms)[0m  [1m[34mSELECT "users".* FROM "users" WHERE "users"."deleted_at" IS NULL AND "users"."id" = ? LIMIT ?[0m  [["id", 1], ["LIMIT", 1]]
  ↳ app/views/post_comments/_post_comment.html.erb:3
  [1m[36mCACHE User Load (0.0ms)[0m  [1m[34mSELECT "users".* FROM "users" WHERE "users"."deleted_at" IS NULL AND "users"."id" = ? LIMIT ?[0m  [["id", 1], ["LIMIT", 1]]
  ↳ app/views/post_comments/_post_comment.html.erb:3
  [1m[36mCACHE User Load (0.0ms)[0m  [1m[34mSELECT "users".* FROM "users" WHERE "users"."deleted_at" IS NULL AND "users"."id" = ? LIMIT ?[0m  [["id", 1], ["LIMIT", 1]]
  ↳ app/views/post_comments/_post_comment.html.erb:3
  [1m[36mCACHE User Load (0.0ms)[0m  [1m[34mSELECT "users".* FROM "users" WHERE "users"."deleted_at" IS NULL AND "users"."id" = ? LIMIT ?[0m  [["id", 1], ["LIMIT", 1]]
  ↳ app/views/post_comments/_post_comment.html.erb:3
  Rendered post_comments/_post_comment.html.erb (Duration: 9.6ms | Allocations: 8394)
  Rendered posts/show.html.erb within layouts/application (Duration: 20.9ms | Allocations: 15993)
[Webpacker] Everything's up-to-date. Nothing to do
Completed 200 OK in 79ms (Views: 34.0ms | ActiveRecord: 2.7ms | Allocations: 66617)


Started DELETE "/posts/1/post_comments/2" for ::1 at 2021-03-16 03:56:02 +0900
Processing by PostCommentsController#destroy as JS
  Parameters: {"post_id"=>"1", "id"=>"2"}
  [1m[36mPost Load (0.1ms)[0m  [1m[34mSELECT "posts".* FROM "posts" WHERE "posts"."id" = ? LIMIT ?[0m  [["id", 1], ["LIMIT", 1]]
  ↳ app/controllers/post_comments_controller.rb:12:in `destroy'
  [1m[36mUser Load (0.1ms)[0m  [1m[34mSELECT "users".* FROM "users" WHERE "users"."deleted_at" IS NULL AND "users"."id" = ? ORDER BY "users"."id" ASC LIMIT ?[0m  [["id", 1], ["LIMIT", 1]]
  ↳ app/controllers/post_comments_controller.rb:14:in `destroy'
Completed 400 Bad Request in 3ms (ActiveRecord: 0.2ms | Allocations: 3691)


  
ActionController::ParameterMissing (param is missing or the value is empty: post_comment):
  
app/controllers/post_comments_controller.rb:21:in `post_comment_params'
app/controllers/post_comments_controller.rb:14:in `destroy'
Started GET "/posts/1" for ::1 at 2021-03-16 03:56:06 +0900
Processing by PostsController#show as HTML
  Parameters: {"id"=>"1"}
  [1m[36mPost Load (0.1ms)[0m  [1m[34mSELECT "posts".* FROM "posts" WHERE "posts"."id" = ? LIMIT ?[0m  [["id", 1], ["LIMIT", 1]]
  ↳ app/controllers/posts_controller.rb:25:in `show'
  [1m[36mUser Load (0.1ms)[0m  [1m[34mSELECT "users".* FROM "users" WHERE "users"."deleted_at" IS NULL AND "users"."id" = ? LIMIT ?[0m  [["id", 1], ["LIMIT", 1]]
  ↳ app/controllers/posts_controller.rb:27:in `show'
  [1m[36mPet Load (0.1ms)[0m  [1m[34mSELECT "pets".* FROM "pets" WHERE "pets"."id" = ? LIMIT ?[0m  [["id", 1], ["LIMIT", 1]]
  ↳ app/controllers/posts_controller.rb:28:in `show'
  Rendering posts/show.html.erb within layouts/application
  [1m[36mUser Load (0.1ms)[0m  [1m[34mSELECT "users".* FROM "users" WHERE "users"."deleted_at" IS NULL AND "users"."id" = ? ORDER BY "users"."id" ASC LIMIT ?[0m  [["id", 1], ["LIMIT", 1]]
  ↳ app/views/favorites/_favorite.html.erb:2
  [1m[36mFavorite Exists? (0.1ms)[0m  [1m[34mSELECT 1 AS one FROM "favorites" WHERE "favorites"."post_id" = ? AND "favorites"."user_id" = ? LIMIT ?[0m  [["post_id", 1], ["user_id", 1], ["LIMIT", 1]]
  ↳ app/models/post.rb:17:in `favorited_by?'
  [1m[35m (0.1ms)[0m  [1m[34mSELECT COUNT(*) FROM "favorites" WHERE "favorites"."post_id" = ?[0m  [["post_id", 1]]
  ↳ app/views/favorites/_favorite.html.erb:4
  Rendered favorites/_favorite.html.erb (Duration: 3.3ms | Allocations: 2775)
  [1m[36mPostComment Load (0.1ms)[0m  [1m[34mSELECT "post_comments".* FROM "post_comments" WHERE "post_comments"."post_id" = ?[0m  [["post_id", 1]]
  ↳ app/views/post_comments/_post_comment.html.erb:1
  [1m[36mCACHE User Load (0.0ms)[0m  [1m[34mSELECT "users".* FROM "users" WHERE "users"."deleted_at" IS NULL AND "users"."id" = ? LIMIT ?[0m  [["id", 1], ["LIMIT", 1]]
  ↳ app/views/post_comments/_post_comment.html.erb:3
  [1m[36mCACHE User Load (0.0ms)[0m  [1m[34mSELECT "users".* FROM "users" WHERE "users"."deleted_at" IS NULL AND "users"."id" = ? LIMIT ?[0m  [["id", 1], ["LIMIT", 1]]
  ↳ app/views/post_comments/_post_comment.html.erb:3
  [1m[36mCACHE User Load (0.0ms)[0m  [1m[34mSELECT "users".* FROM "users" WHERE "users"."deleted_at" IS NULL AND "users"."id" = ? LIMIT ?[0m  [["id", 1], ["LIMIT", 1]]
  ↳ app/views/post_comments/_post_comment.html.erb:3
  [1m[36mCACHE User Load (0.0ms)[0m  [1m[34mSELECT "users".* FROM "users" WHERE "users"."deleted_at" IS NULL AND "users"."id" = ? LIMIT ?[0m  [["id", 1], ["LIMIT", 1]]
  ↳ app/views/post_comments/_post_comment.html.erb:3
  [1m[36mCACHE User Load (0.0ms)[0m  [1m[34mSELECT "users".* FROM "users" WHERE "users"."deleted_at" IS NULL AND "users"."id" = ? LIMIT ?[0m  [["id", 1], ["LIMIT", 1]]
  ↳ app/views/post_comments/_post_comment.html.erb:3
  Rendered post_comments/_post_comment.html.erb (Duration: 7.7ms | Allocations: 6798)
  Rendered posts/show.html.erb within layouts/application (Duration: 12.5ms | Allocations: 10642)
[Webpacker] Everything's up-to-date. Nothing to do
Completed 200 OK in 31ms (Views: 26.3ms | ActiveRecord: 0.7ms | Allocations: 23907)


Started DELETE "/posts/1/post_comments/5" for ::1 at 2021-03-16 03:56:11 +0900
Processing by PostCommentsController#destroy as JS
  Parameters: {"post_id"=>"1", "id"=>"5"}
  [1m[36mPost Load (0.1ms)[0m  [1m[34mSELECT "posts".* FROM "posts" WHERE "posts"."id" = ? LIMIT ?[0m  [["id", 1], ["LIMIT", 1]]
  ↳ app/controllers/post_comments_controller.rb:12:in `destroy'
  [1m[36mUser Load (0.1ms)[0m  [1m[34mSELECT "users".* FROM "users" WHERE "users"."deleted_at" IS NULL AND "users"."id" = ? ORDER BY "users"."id" ASC LIMIT ?[0m  [["id", 1], ["LIMIT", 1]]
  ↳ app/controllers/post_comments_controller.rb:14:in `destroy'
Completed 400 Bad Request in 3ms (ActiveRecord: 0.2ms | Allocations: 3224)


  
ActionController::ParameterMissing (param is missing or the value is empty: post_comment):
  
app/controllers/post_comments_controller.rb:21:in `post_comment_params'
app/controllers/post_comments_controller.rb:14:in `destroy'
Started DELETE "/posts/1/post_comments/5" for ::1 at 2021-03-16 03:56:15 +0900
Processing by PostCommentsController#destroy as JS
  Parameters: {"post_id"=>"1", "id"=>"5"}
  [1m[36mPost Load (0.1ms)[0m  [1m[34mSELECT "posts".* FROM "posts" WHERE "posts"."id" = ? LIMIT ?[0m  [["id", 1], ["LIMIT", 1]]
  ↳ app/controllers/post_comments_controller.rb:12:in `destroy'
  [1m[36mUser Load (0.1ms)[0m  [1m[34mSELECT "users".* FROM "users" WHERE "users"."deleted_at" IS NULL AND "users"."id" = ? ORDER BY "users"."id" ASC LIMIT ?[0m  [["id", 1], ["LIMIT", 1]]
  ↳ app/controllers/post_comments_controller.rb:14:in `destroy'
Completed 400 Bad Request in 3ms (ActiveRecord: 0.2ms | Allocations: 3220)


  
ActionController::ParameterMissing (param is missing or the value is empty: post_comment):
  
app/controllers/post_comments_controller.rb:21:in `post_comment_params'
app/controllers/post_comments_controller.rb:14:in `destroy'
Started GET "/posts/1" for ::1 at 2021-03-16 03:56:18 +0900
Processing by PostsController#show as HTML
  Parameters: {"id"=>"1"}
  [1m[36mPost Load (0.1ms)[0m  [1m[34mSELECT "posts".* FROM "posts" WHERE "posts"."id" = ? LIMIT ?[0m  [["id", 1], ["LIMIT", 1]]
  ↳ app/controllers/posts_controller.rb:25:in `show'
  [1m[36mUser Load (0.1ms)[0m  [1m[34mSELECT "users".* FROM "users" WHERE "users"."deleted_at" IS NULL AND "users"."id" = ? LIMIT ?[0m  [["id", 1], ["LIMIT", 1]]
  ↳ app/controllers/posts_controller.rb:27:in `show'
  [1m[36mPet Load (0.1ms)[0m  [1m[34mSELECT "pets".* FROM "pets" WHERE "pets"."id" = ? LIMIT ?[0m  [["id", 1], ["LIMIT", 1]]
  ↳ app/controllers/posts_controller.rb:28:in `show'
  Rendering posts/show.html.erb within layouts/application
  [1m[36mUser Load (0.1ms)[0m  [1m[34mSELECT "users".* FROM "users" WHERE "users"."deleted_at" IS NULL AND "users"."id" = ? ORDER BY "users"."id" ASC LIMIT ?[0m  [["id", 1], ["LIMIT", 1]]
  ↳ app/views/favorites/_favorite.html.erb:2
  [1m[36mFavorite Exists? (0.1ms)[0m  [1m[34mSELECT 1 AS one FROM "favorites" WHERE "favorites"."post_id" = ? AND "favorites"."user_id" = ? LIMIT ?[0m  [["post_id", 1], ["user_id", 1], ["LIMIT", 1]]
  ↳ app/models/post.rb:17:in `favorited_by?'
  [1m[35m (0.1ms)[0m  [1m[34mSELECT COUNT(*) FROM "favorites" WHERE "favorites"."post_id" = ?[0m  [["post_id", 1]]
  ↳ app/views/favorites/_favorite.html.erb:4
  Rendered favorites/_favorite.html.erb (Duration: 3.1ms | Allocations: 2764)
  [1m[36mPostComment Load (0.1ms)[0m  [1m[34mSELECT "post_comments".* FROM "post_comments" WHERE "post_comments"."post_id" = ?[0m  [["post_id", 1]]
  ↳ app/views/post_comments/_post_comment.html.erb:1
  [1m[36mCACHE User Load (0.0ms)[0m  [1m[34mSELECT "users".* FROM "users" WHERE "users"."deleted_at" IS NULL AND "users"."id" = ? LIMIT ?[0m  [["id", 1], ["LIMIT", 1]]
  ↳ app/views/post_comments/_post_comment.html.erb:3
  [1m[36mCACHE User Load (0.0ms)[0m  [1m[34mSELECT "users".* FROM "users" WHERE "users"."deleted_at" IS NULL AND "users"."id" = ? LIMIT ?[0m  [["id", 1], ["LIMIT", 1]]
  ↳ app/views/post_comments/_post_comment.html.erb:3
  [1m[36mCACHE User Load (0.0ms)[0m  [1m[34mSELECT "users".* FROM "users" WHERE "users"."deleted_at" IS NULL AND "users"."id" = ? LIMIT ?[0m  [["id", 1], ["LIMIT", 1]]
  ↳ app/views/post_comments/_post_comment.html.erb:3
  [1m[36mCACHE User Load (0.0ms)[0m  [1m[34mSELECT "users".* FROM "users" WHERE "users"."deleted_at" IS NULL AND "users"."id" = ? LIMIT ?[0m  [["id", 1], ["LIMIT", 1]]
  ↳ app/views/post_comments/_post_comment.html.erb:3
  [1m[36mCACHE User Load (0.0ms)[0m  [1m[34mSELECT "users".* FROM "users" WHERE "users"."deleted_at" IS NULL AND "users"."id" = ? LIMIT ?[0m  [["id", 1], ["LIMIT", 1]]
  ↳ app/views/post_comments/_post_comment.html.erb:3
  Rendered post_comments/_post_comment.html.erb (Duration: 7.2ms | Allocations: 6797)
  Rendered posts/show.html.erb within layouts/application (Duration: 11.5ms | Allocations: 10616)
[Webpacker] Everything's up-to-date. Nothing to do
Completed 200 OK in 28ms (Views: 24.1ms | ActiveRecord: 0.6ms | Allocations: 23754)


Started GET "/posts/1" for ::1 at 2021-03-16 03:56:22 +0900
Processing by PostsController#show as HTML
  Parameters: {"id"=>"1"}
  [1m[36mPost Load (0.1ms)[0m  [1m[34mSELECT "posts".* FROM "posts" WHERE "posts"."id" = ? LIMIT ?[0m  [["id", 1], ["LIMIT", 1]]
  ↳ app/controllers/posts_controller.rb:25:in `show'
  [1m[36mUser Load (0.1ms)[0m  [1m[34mSELECT "users".* FROM "users" WHERE "users"."deleted_at" IS NULL AND "users"."id" = ? LIMIT ?[0m  [["id", 1], ["LIMIT", 1]]
  ↳ app/controllers/posts_controller.rb:27:in `show'
  [1m[36mPet Load (0.1ms)[0m  [1m[34mSELECT "pets".* FROM "pets" WHERE "pets"."id" = ? LIMIT ?[0m  [["id", 1], ["LIMIT", 1]]
  ↳ app/controllers/posts_controller.rb:28:in `show'
  Rendering posts/show.html.erb within layouts/application
  [1m[36mUser Load (0.1ms)[0m  [1m[34mSELECT "users".* FROM "users" WHERE "users"."deleted_at" IS NULL AND "users"."id" = ? ORDER BY "users"."id" ASC LIMIT ?[0m  [["id", 1], ["LIMIT", 1]]
  ↳ app/views/favorites/_favorite.html.erb:2
  [1m[36mFavorite Exists? (0.1ms)[0m  [1m[34mSELECT 1 AS one FROM "favorites" WHERE "favorites"."post_id" = ? AND "favorites"."user_id" = ? LIMIT ?[0m  [["post_id", 1], ["user_id", 1], ["LIMIT", 1]]
  ↳ app/models/post.rb:17:in `favorited_by?'
  [1m[35m (0.1ms)[0m  [1m[34mSELECT COUNT(*) FROM "favorites" WHERE "favorites"."post_id" = ?[0m  [["post_id", 1]]
  ↳ app/views/favorites/_favorite.html.erb:4
  Rendered favorites/_favorite.html.erb (Duration: 2.8ms | Allocations: 2763)
  [1m[36mPostComment Load (0.1ms)[0m  [1m[34mSELECT "post_comments".* FROM "post_comments" WHERE "post_comments"."post_id" = ?[0m  [["post_id", 1]]
  ↳ app/views/post_comments/_post_comment.html.erb:1
  [1m[36mCACHE User Load (0.0ms)[0m  [1m[34mSELECT "users".* FROM "users" WHERE "users"."deleted_at" IS NULL AND "users"."id" = ? LIMIT ?[0m  [["id", 1], ["LIMIT", 1]]
  ↳ app/views/post_comments/_post_comment.html.erb:3
  [1m[36mCACHE User Load (0.0ms)[0m  [1m[34mSELECT "users".* FROM "users" WHERE "users"."deleted_at" IS NULL AND "users"."id" = ? LIMIT ?[0m  [["id", 1], ["LIMIT", 1]]
  ↳ app/views/post_comments/_post_comment.html.erb:3
  [1m[36mCACHE User Load (0.0ms)[0m  [1m[34mSELECT "users".* FROM "users" WHERE "users"."deleted_at" IS NULL AND "users"."id" = ? LIMIT ?[0m  [["id", 1], ["LIMIT", 1]]
  ↳ app/views/post_comments/_post_comment.html.erb:3
  [1m[36mCACHE User Load (0.0ms)[0m  [1m[34mSELECT "users".* FROM "users" WHERE "users"."deleted_at" IS NULL AND "users"."id" = ? LIMIT ?[0m  [["id", 1], ["LIMIT", 1]]
  ↳ app/views/post_comments/_post_comment.html.erb:3
  [1m[36mCACHE User Load (0.0ms)[0m  [1m[34mSELECT "users".* FROM "users" WHERE "users"."deleted_at" IS NULL AND "users"."id" = ? LIMIT ?[0m  [["id", 1], ["LIMIT", 1]]
  ↳ app/views/post_comments/_post_comment.html.erb:3
  Rendered post_comments/_post_comment.html.erb (Duration: 7.1ms | Allocations: 6797)
  Rendered posts/show.html.erb within layouts/application (Duration: 11.1ms | Allocations: 10611)
[Webpacker] Everything's up-to-date. Nothing to do
Completed 200 OK in 28ms (Views: 24.4ms | ActiveRecord: 0.6ms | Allocations: 23755)


Started GET "/posts/1" for ::1 at 2021-03-16 03:56:23 +0900
Processing by PostsController#show as HTML
  Parameters: {"id"=>"1"}
  [1m[36mPost Load (0.1ms)[0m  [1m[34mSELECT "posts".* FROM "posts" WHERE "posts"."id" = ? LIMIT ?[0m  [["id", 1], ["LIMIT", 1]]
  ↳ app/controllers/posts_controller.rb:25:in `show'
  [1m[36mUser Load (0.1ms)[0m  [1m[34mSELECT "users".* FROM "users" WHERE "users"."deleted_at" IS NULL AND "users"."id" = ? LIMIT ?[0m  [["id", 1], ["LIMIT", 1]]
  ↳ app/controllers/posts_controller.rb:27:in `show'
  [1m[36mPet Load (0.1ms)[0m  [1m[34mSELECT "pets".* FROM "pets" WHERE "pets"."id" = ? LIMIT ?[0m  [["id", 1], ["LIMIT", 1]]
  ↳ app/controllers/posts_controller.rb:28:in `show'
  Rendering posts/show.html.erb within layouts/application
  [1m[36mUser Load (0.1ms)[0m  [1m[34mSELECT "users".* FROM "users" WHERE "users"."deleted_at" IS NULL AND "users"."id" = ? ORDER BY "users"."id" ASC LIMIT ?[0m  [["id", 1], ["LIMIT", 1]]
  ↳ app/views/favorites/_favorite.html.erb:2
  [1m[36mFavorite Exists? (0.1ms)[0m  [1m[34mSELECT 1 AS one FROM "favorites" WHERE "favorites"."post_id" = ? AND "favorites"."user_id" = ? LIMIT ?[0m  [["post_id", 1], ["user_id", 1], ["LIMIT", 1]]
  ↳ app/models/post.rb:17:in `favorited_by?'
  [1m[35m (0.2ms)[0m  [1m[34mSELECT COUNT(*) FROM "favorites" WHERE "favorites"."post_id" = ?[0m  [["post_id", 1]]
  ↳ app/views/favorites/_favorite.html.erb:4
  Rendered favorites/_favorite.html.erb (Duration: 3.2ms | Allocations: 2764)
  [1m[36mPostComment Load (0.1ms)[0m  [1m[34mSELECT "post_comments".* FROM "post_comments" WHERE "post_comments"."post_id" = ?[0m  [["post_id", 1]]
  ↳ app/views/post_comments/_post_comment.html.erb:1
  [1m[36mCACHE User Load (0.0ms)[0m  [1m[34mSELECT "users".* FROM "users" WHERE "users"."deleted_at" IS NULL AND "users"."id" = ? LIMIT ?[0m  [["id", 1], ["LIMIT", 1]]
  ↳ app/views/post_comments/_post_comment.html.erb:3
  [1m[36mCACHE User Load (0.0ms)[0m  [1m[34mSELECT "users".* FROM "users" WHERE "users"."deleted_at" IS NULL AND "users"."id" = ? LIMIT ?[0m  [["id", 1], ["LIMIT", 1]]
  ↳ app/views/post_comments/_post_comment.html.erb:3
  [1m[36mCACHE User Load (0.0ms)[0m  [1m[34mSELECT "users".* FROM "users" WHERE "users"."deleted_at" IS NULL AND "users"."id" = ? LIMIT ?[0m  [["id", 1], ["LIMIT", 1]]
  ↳ app/views/post_comments/_post_comment.html.erb:3
  [1m[36mCACHE User Load (0.0ms)[0m  [1m[34mSELECT "users".* FROM "users" WHERE "users"."deleted_at" IS NULL AND "users"."id" = ? LIMIT ?[0m  [["id", 1], ["LIMIT", 1]]
  ↳ app/views/post_comments/_post_comment.html.erb:3
  [1m[36mCACHE User Load (0.0ms)[0m  [1m[34mSELECT "users".* FROM "users" WHERE "users"."deleted_at" IS NULL AND "users"."id" = ? LIMIT ?[0m  [["id", 1], ["LIMIT", 1]]
  ↳ app/views/post_comments/_post_comment.html.erb:3
  Rendered post_comments/_post_comment.html.erb (Duration: 17.1ms | Allocations: 6798)
  Rendered posts/show.html.erb within layouts/application (Duration: 21.6ms | Allocations: 10616)
[Webpacker] Everything's up-to-date. Nothing to do
Completed 200 OK in 39ms (Views: 33.8ms | ActiveRecord: 0.7ms | Allocations: 23772)


Started GET "/posts/1" for ::1 at 2021-03-16 03:56:46 +0900
Processing by PostsController#show as HTML
  Parameters: {"id"=>"1"}
  [1m[36mPost Load (0.1ms)[0m  [1m[34mSELECT "posts".* FROM "posts" WHERE "posts"."id" = ? LIMIT ?[0m  [["id", 1], ["LIMIT", 1]]
  ↳ app/controllers/posts_controller.rb:25:in `show'
  [1m[36mUser Load (0.1ms)[0m  [1m[34mSELECT "users".* FROM "users" WHERE "users"."deleted_at" IS NULL AND "users"."id" = ? LIMIT ?[0m  [["id", 1], ["LIMIT", 1]]
  ↳ app/controllers/posts_controller.rb:27:in `show'
  [1m[36mPet Load (0.1ms)[0m  [1m[34mSELECT "pets".* FROM "pets" WHERE "pets"."id" = ? LIMIT ?[0m  [["id", 1], ["LIMIT", 1]]
  ↳ app/controllers/posts_controller.rb:28:in `show'
  Rendering posts/show.html.erb within layouts/application
  [1m[36mUser Load (0.1ms)[0m  [1m[34mSELECT "users".* FROM "users" WHERE "users"."deleted_at" IS NULL AND "users"."id" = ? ORDER BY "users"."id" ASC LIMIT ?[0m  [["id", 1], ["LIMIT", 1]]
  ↳ app/views/favorites/_favorite.html.erb:2
  [1m[36mFavorite Exists? (0.1ms)[0m  [1m[34mSELECT 1 AS one FROM "favorites" WHERE "favorites"."post_id" = ? AND "favorites"."user_id" = ? LIMIT ?[0m  [["post_id", 1], ["user_id", 1], ["LIMIT", 1]]
  ↳ app/models/post.rb:17:in `favorited_by?'
  [1m[35m (0.1ms)[0m  [1m[34mSELECT COUNT(*) FROM "favorites" WHERE "favorites"."post_id" = ?[0m  [["post_id", 1]]
  ↳ app/views/favorites/_favorite.html.erb:4
  Rendered favorites/_favorite.html.erb (Duration: 3.7ms | Allocations: 2995)
  [1m[36mPostComment Load (0.1ms)[0m  [1m[34mSELECT "post_comments".* FROM "post_comments" WHERE "post_comments"."post_id" = ?[0m  [["post_id", 1]]
  ↳ app/views/post_comments/_post_comment.html.erb:1
  [1m[36mCACHE User Load (0.0ms)[0m  [1m[34mSELECT "users".* FROM "users" WHERE "users"."deleted_at" IS NULL AND "users"."id" = ? LIMIT ?[0m  [["id", 1], ["LIMIT", 1]]
  ↳ app/views/post_comments/_post_comment.html.erb:3
  [1m[36mCACHE User Load (0.0ms)[0m  [1m[34mSELECT "users".* FROM "users" WHERE "users"."deleted_at" IS NULL AND "users"."id" = ? LIMIT ?[0m  [["id", 1], ["LIMIT", 1]]
  ↳ app/views/post_comments/_post_comment.html.erb:3
  [1m[36mCACHE User Load (0.0ms)[0m  [1m[34mSELECT "users".* FROM "users" WHERE "users"."deleted_at" IS NULL AND "users"."id" = ? LIMIT ?[0m  [["id", 1], ["LIMIT", 1]]
  ↳ app/views/post_comments/_post_comment.html.erb:3
  [1m[36mCACHE User Load (0.0ms)[0m  [1m[34mSELECT "users".* FROM "users" WHERE "users"."deleted_at" IS NULL AND "users"."id" = ? LIMIT ?[0m  [["id", 1], ["LIMIT", 1]]
  ↳ app/views/post_comments/_post_comment.html.erb:3
  [1m[36mCACHE User Load (0.0ms)[0m  [1m[34mSELECT "users".* FROM "users" WHERE "users"."deleted_at" IS NULL AND "users"."id" = ? LIMIT ?[0m  [["id", 1], ["LIMIT", 1]]
  ↳ app/views/post_comments/_post_comment.html.erb:3
  Rendered post_comments/_post_comment.html.erb (Duration: 7.4ms | Allocations: 7027)
  Rendered posts/show.html.erb within layouts/application (Duration: 13.9ms | Allocations: 11703)
[Webpacker] Everything's up-to-date. Nothing to do
Completed 200 OK in 36ms (Views: 30.9ms | ActiveRecord: 0.7ms | Allocations: 26659)


Started DELETE "/posts/1/post_comments/2" for ::1 at 2021-03-16 03:56:49 +0900
Processing by PostCommentsController#destroy as JS
  Parameters: {"post_id"=>"1", "id"=>"2"}
  [1m[36mPost Load (0.1ms)[0m  [1m[34mSELECT "posts".* FROM "posts" WHERE "posts"."id" = ? LIMIT ?[0m  [["id", 1], ["LIMIT", 1]]
  ↳ app/controllers/post_comments_controller.rb:12:in `destroy'
  [1m[36mUser Load (0.2ms)[0m  [1m[34mSELECT "users".* FROM "users" WHERE "users"."deleted_at" IS NULL AND "users"."id" = ? ORDER BY "users"."id" ASC LIMIT ?[0m  [["id", 1], ["LIMIT", 1]]
  ↳ app/controllers/post_comments_controller.rb:14:in `destroy'
Completed 400 Bad Request in 5ms (ActiveRecord: 0.3ms | Allocations: 3229)


  
ActionController::ParameterMissing (param is missing or the value is empty: post_comment):
  
app/controllers/post_comments_controller.rb:21:in `post_comment_params'
app/controllers/post_comments_controller.rb:14:in `destroy'
Started GET "/posts/1" for ::1 at 2021-03-16 03:56:52 +0900
Processing by PostsController#show as HTML
  Parameters: {"id"=>"1"}
  [1m[36mPost Load (0.1ms)[0m  [1m[34mSELECT "posts".* FROM "posts" WHERE "posts"."id" = ? LIMIT ?[0m  [["id", 1], ["LIMIT", 1]]
  ↳ app/controllers/posts_controller.rb:25:in `show'
  [1m[36mUser Load (0.1ms)[0m  [1m[34mSELECT "users".* FROM "users" WHERE "users"."deleted_at" IS NULL AND "users"."id" = ? LIMIT ?[0m  [["id", 1], ["LIMIT", 1]]
  ↳ app/controllers/posts_controller.rb:27:in `show'
  [1m[36mPet Load (0.1ms)[0m  [1m[34mSELECT "pets".* FROM "pets" WHERE "pets"."id" = ? LIMIT ?[0m  [["id", 1], ["LIMIT", 1]]
  ↳ app/controllers/posts_controller.rb:28:in `show'
  Rendering posts/show.html.erb within layouts/application
  [1m[36mUser Load (0.1ms)[0m  [1m[34mSELECT "users".* FROM "users" WHERE "users"."deleted_at" IS NULL AND "users"."id" = ? ORDER BY "users"."id" ASC LIMIT ?[0m  [["id", 1], ["LIMIT", 1]]
  ↳ app/views/favorites/_favorite.html.erb:2
  [1m[36mFavorite Exists? (0.1ms)[0m  [1m[34mSELECT 1 AS one FROM "favorites" WHERE "favorites"."post_id" = ? AND "favorites"."user_id" = ? LIMIT ?[0m  [["post_id", 1], ["user_id", 1], ["LIMIT", 1]]
  ↳ app/models/post.rb:17:in `favorited_by?'
  [1m[35m (0.1ms)[0m  [1m[34mSELECT COUNT(*) FROM "favorites" WHERE "favorites"."post_id" = ?[0m  [["post_id", 1]]
  ↳ app/views/favorites/_favorite.html.erb:4
  Rendered favorites/_favorite.html.erb (Duration: 2.9ms | Allocations: 2764)
  [1m[36mPostComment Load (0.1ms)[0m  [1m[34mSELECT "post_comments".* FROM "post_comments" WHERE "post_comments"."post_id" = ?[0m  [["post_id", 1]]
  ↳ app/views/post_comments/_post_comment.html.erb:1
  [1m[36mCACHE User Load (0.0ms)[0m  [1m[34mSELECT "users".* FROM "users" WHERE "users"."deleted_at" IS NULL AND "users"."id" = ? LIMIT ?[0m  [["id", 1], ["LIMIT", 1]]
  ↳ app/views/post_comments/_post_comment.html.erb:3
  [1m[36mCACHE User Load (0.0ms)[0m  [1m[34mSELECT "users".* FROM "users" WHERE "users"."deleted_at" IS NULL AND "users"."id" = ? LIMIT ?[0m  [["id", 1], ["LIMIT", 1]]
  ↳ app/views/post_comments/_post_comment.html.erb:3
  [1m[36mCACHE User Load (0.0ms)[0m  [1m[34mSELECT "users".* FROM "users" WHERE "users"."deleted_at" IS NULL AND "users"."id" = ? LIMIT ?[0m  [["id", 1], ["LIMIT", 1]]
  ↳ app/views/post_comments/_post_comment.html.erb:3
  [1m[36mCACHE User Load (0.0ms)[0m  [1m[34mSELECT "users".* FROM "users" WHERE "users"."deleted_at" IS NULL AND "users"."id" = ? LIMIT ?[0m  [["id", 1], ["LIMIT", 1]]
  ↳ app/views/post_comments/_post_comment.html.erb:3
  [1m[36mCACHE User Load (0.0ms)[0m  [1m[34mSELECT "users".* FROM "users" WHERE "users"."deleted_at" IS NULL AND "users"."id" = ? LIMIT ?[0m  [["id", 1], ["LIMIT", 1]]
  ↳ app/views/post_comments/_post_comment.html.erb:3
  Rendered post_comments/_post_comment.html.erb (Duration: 8.9ms | Allocations: 6801)
  Rendered posts/show.html.erb within layouts/application (Duration: 13.3ms | Allocations: 10623)
[Webpacker] Everything's up-to-date. Nothing to do
Completed 200 OK in 31ms (Views: 26.8ms | ActiveRecord: 0.6ms | Allocations: 23771)


Started GET "/posts/1" for ::1 at 2021-03-16 03:57:48 +0900
  [1m[35m (0.9ms)[0m  [1m[34mSELECT sqlite_version(*)[0m
  [1m[35m (0.1ms)[0m  [1m[34mSELECT "schema_migrations"."version" FROM "schema_migrations" ORDER BY "schema_migrations"."version" ASC[0m
Processing by PostsController#show as HTML
  Parameters: {"id"=>"1"}
  [1m[36mPost Load (0.1ms)[0m  [1m[34mSELECT "posts".* FROM "posts" WHERE "posts"."id" = ? LIMIT ?[0m  [["id", 1], ["LIMIT", 1]]
  ↳ app/controllers/posts_controller.rb:25:in `show'
  [1m[36mUser Load (0.1ms)[0m  [1m[34mSELECT "users".* FROM "users" WHERE "users"."deleted_at" IS NULL AND "users"."id" = ? LIMIT ?[0m  [["id", 1], ["LIMIT", 1]]
  ↳ app/controllers/posts_controller.rb:27:in `show'
  [1m[36mPet Load (0.1ms)[0m  [1m[34mSELECT "pets".* FROM "pets" WHERE "pets"."id" = ? LIMIT ?[0m  [["id", 1], ["LIMIT", 1]]
  ↳ app/controllers/posts_controller.rb:28:in `show'
  Rendering posts/show.html.erb within layouts/application
  [1m[36mUser Load (0.1ms)[0m  [1m[34mSELECT "users".* FROM "users" WHERE "users"."deleted_at" IS NULL AND "users"."id" = ? ORDER BY "users"."id" ASC LIMIT ?[0m  [["id", 1], ["LIMIT", 1]]
  ↳ app/views/favorites/_favorite.html.erb:2
  [1m[36mFavorite Exists? (0.1ms)[0m  [1m[34mSELECT 1 AS one FROM "favorites" WHERE "favorites"."post_id" = ? AND "favorites"."user_id" = ? LIMIT ?[0m  [["post_id", 1], ["user_id", 1], ["LIMIT", 1]]
  ↳ app/models/post.rb:17:in `favorited_by?'
  [1m[35m (0.1ms)[0m  [1m[34mSELECT COUNT(*) FROM "favorites" WHERE "favorites"."post_id" = ?[0m  [["post_id", 1]]
  ↳ app/views/favorites/_favorite.html.erb:4
  Rendered favorites/_favorite.html.erb (Duration: 6.0ms | Allocations: 4910)
  [1m[36mPostComment Load (0.1ms)[0m  [1m[34mSELECT "post_comments".* FROM "post_comments" WHERE "post_comments"."post_id" = ?[0m  [["post_id", 1]]
  ↳ app/views/post_comments/_post_comment.html.erb:1
  [1m[36mCACHE User Load (0.0ms)[0m  [1m[34mSELECT "users".* FROM "users" WHERE "users"."deleted_at" IS NULL AND "users"."id" = ? LIMIT ?[0m  [["id", 1], ["LIMIT", 1]]
  ↳ app/views/post_comments/_post_comment.html.erb:3
  [1m[36mCACHE User Load (0.0ms)[0m  [1m[34mSELECT "users".* FROM "users" WHERE "users"."deleted_at" IS NULL AND "users"."id" = ? LIMIT ?[0m  [["id", 1], ["LIMIT", 1]]
  ↳ app/views/post_comments/_post_comment.html.erb:3
  [1m[36mCACHE User Load (0.0ms)[0m  [1m[34mSELECT "users".* FROM "users" WHERE "users"."deleted_at" IS NULL AND "users"."id" = ? LIMIT ?[0m  [["id", 1], ["LIMIT", 1]]
  ↳ app/views/post_comments/_post_comment.html.erb:3
  [1m[36mCACHE User Load (0.0ms)[0m  [1m[34mSELECT "users".* FROM "users" WHERE "users"."deleted_at" IS NULL AND "users"."id" = ? LIMIT ?[0m  [["id", 1], ["LIMIT", 1]]
  ↳ app/views/post_comments/_post_comment.html.erb:3
  [1m[36mCACHE User Load (0.0ms)[0m  [1m[34mSELECT "users".* FROM "users" WHERE "users"."deleted_at" IS NULL AND "users"."id" = ? LIMIT ?[0m  [["id", 1], ["LIMIT", 1]]
  ↳ app/views/post_comments/_post_comment.html.erb:3
  Rendered post_comments/_post_comment.html.erb (Duration: 8.3ms | Allocations: 8396)
  Rendered posts/show.html.erb within layouts/application (Duration: 19.0ms | Allocations: 16357)
[Webpacker] Everything's up-to-date. Nothing to do
Completed 200 OK in 207ms (Views: 153.1ms | ActiveRecord: 2.8ms | Allocations: 85729)


Started DELETE "/posts/1/post_comments/2" for ::1 at 2021-03-16 03:57:52 +0900
Processing by PostCommentsController#destroy as JS
  Parameters: {"post_id"=>"1", "id"=>"2"}
  [1m[36mPost Load (0.1ms)[0m  [1m[34mSELECT "posts".* FROM "posts" WHERE "posts"."id" = ? LIMIT ?[0m  [["id", 1], ["LIMIT", 1]]
  ↳ app/controllers/post_comments_controller.rb:12:in `destroy'
  [1m[36mPostComment Load (0.1ms)[0m  [1m[34mSELECT "post_comments".* FROM "post_comments" WHERE "post_comments"."id" = ? AND "post_comments"."post_id" = ? LIMIT ?[0m  [["id", 2], ["post_id", 1], ["LIMIT", 1]]
  ↳ app/controllers/post_comments_controller.rb:14:in `destroy'
  [1m[35m (0.1ms)[0m  [1m[36mbegin transaction[0m
  ↳ app/controllers/post_comments_controller.rb:15:in `destroy'
  [1m[36mPostComment Destroy (1.6ms)[0m  [1m[31mDELETE FROM "post_comments" WHERE "post_comments"."id" = ?[0m  [["id", 2]]
  ↳ app/controllers/post_comments_controller.rb:15:in `destroy'
  [1m[35m (0.5ms)[0m  [1m[36mcommit transaction[0m
  ↳ app/controllers/post_comments_controller.rb:15:in `destroy'
  Rendering post_comments/destroy.js.erb
  [1m[36mPostComment Load (0.2ms)[0m  [1m[34mSELECT "post_comments".* FROM "post_comments"[0m
  ↳ app/views/post_comments/_post_comment.html.erb:1
  [1m[36mUser Load (0.1ms)[0m  [1m[34mSELECT "users".* FROM "users" WHERE "users"."deleted_at" IS NULL AND "users"."id" = ? LIMIT ?[0m  [["id", 1], ["LIMIT", 1]]
  ↳ app/views/post_comments/_post_comment.html.erb:3
  [1m[36mUser Load (0.1ms)[0m  [1m[34mSELECT "users".* FROM "users" WHERE "users"."deleted_at" IS NULL AND "users"."id" = ? ORDER BY "users"."id" ASC LIMIT ?[0m  [["id", 1], ["LIMIT", 1]]
  ↳ app/views/post_comments/_post_comment.html.erb:7
  [1m[36mPost Load (0.1ms)[0m  [1m[34mSELECT "posts".* FROM "posts" WHERE "posts"."id" = ? LIMIT ?[0m  [["id", 1], ["LIMIT", 1]]
  ↳ app/views/post_comments/_post_comment.html.erb:8
  [1m[36mCACHE User Load (0.0ms)[0m  [1m[34mSELECT "users".* FROM "users" WHERE "users"."deleted_at" IS NULL AND "users"."id" = ? LIMIT ?[0m  [["id", 1], ["LIMIT", 1]]
  ↳ app/views/post_comments/_post_comment.html.erb:3
  [1m[36mCACHE Post Load (0.0ms)[0m  [1m[34mSELECT "posts".* FROM "posts" WHERE "posts"."id" = ? LIMIT ?[0m  [["id", 1], ["LIMIT", 1]]
  ↳ app/views/post_comments/_post_comment.html.erb:8
  [1m[36mCACHE User Load (0.0ms)[0m  [1m[34mSELECT "users".* FROM "users" WHERE "users"."deleted_at" IS NULL AND "users"."id" = ? LIMIT ?[0m  [["id", 1], ["LIMIT", 1]]
  ↳ app/views/post_comments/_post_comment.html.erb:3
  [1m[36mCACHE Post Load (0.0ms)[0m  [1m[34mSELECT "posts".* FROM "posts" WHERE "posts"."id" = ? LIMIT ?[0m  [["id", 1], ["LIMIT", 1]]
  ↳ app/views/post_comments/_post_comment.html.erb:8
  [1m[36mCACHE User Load (0.0ms)[0m  [1m[34mSELECT "users".* FROM "users" WHERE "users"."deleted_at" IS NULL AND "users"."id" = ? LIMIT ?[0m  [["id", 1], ["LIMIT", 1]]
  ↳ app/views/post_comments/_post_comment.html.erb:3
  [1m[36mCACHE Post Load (0.0ms)[0m  [1m[34mSELECT "posts".* FROM "posts" WHERE "posts"."id" = ? LIMIT ?[0m  [["id", 1], ["LIMIT", 1]]
  ↳ app/views/post_comments/_post_comment.html.erb:8
  Rendered post_comments/_post_comment.html.erb (Duration: 16.1ms | Allocations: 18081)
  Rendered post_comments/destroy.js.erb (Duration: 17.6ms | Allocations: 18563)
Completed 200 OK in 31ms (Views: 20.7ms | ActiveRecord: 3.0ms | Allocations: 25613)


Started DELETE "/posts/1/post_comments/18" for ::1 at 2021-03-16 03:57:55 +0900
Processing by PostCommentsController#destroy as JS
  Parameters: {"post_id"=>"1", "id"=>"18"}
  [1m[36mPost Load (0.1ms)[0m  [1m[34mSELECT "posts".* FROM "posts" WHERE "posts"."id" = ? LIMIT ?[0m  [["id", 1], ["LIMIT", 1]]
  ↳ app/controllers/post_comments_controller.rb:12:in `destroy'
  [1m[36mPostComment Load (0.1ms)[0m  [1m[34mSELECT "post_comments".* FROM "post_comments" WHERE "post_comments"."id" = ? AND "post_comments"."post_id" = ? LIMIT ?[0m  [["id", 18], ["post_id", 1], ["LIMIT", 1]]
  ↳ app/controllers/post_comments_controller.rb:14:in `destroy'
  [1m[35m (0.0ms)[0m  [1m[36mbegin transaction[0m
  ↳ app/controllers/post_comments_controller.rb:15:in `destroy'
  [1m[36mPostComment Destroy (0.2ms)[0m  [1m[31mDELETE FROM "post_comments" WHERE "post_comments"."id" = ?[0m  [["id", 18]]
  ↳ app/controllers/post_comments_controller.rb:15:in `destroy'
  [1m[35m (0.9ms)[0m  [1m[36mcommit transaction[0m
  ↳ app/controllers/post_comments_controller.rb:15:in `destroy'
  Rendering post_comments/destroy.js.erb
  [1m[36mPostComment Load (0.1ms)[0m  [1m[34mSELECT "post_comments".* FROM "post_comments"[0m
  ↳ app/views/post_comments/_post_comment.html.erb:1
  [1m[36mUser Load (0.1ms)[0m  [1m[34mSELECT "users".* FROM "users" WHERE "users"."deleted_at" IS NULL AND "users"."id" = ? LIMIT ?[0m  [["id", 1], ["LIMIT", 1]]
  ↳ app/views/post_comments/_post_comment.html.erb:3
  [1m[36mUser Load (0.1ms)[0m  [1m[34mSELECT "users".* FROM "users" WHERE "users"."deleted_at" IS NULL AND "users"."id" = ? ORDER BY "users"."id" ASC LIMIT ?[0m  [["id", 1], ["LIMIT", 1]]
  ↳ app/views/post_comments/_post_comment.html.erb:7
  [1m[36mPost Load (0.1ms)[0m  [1m[34mSELECT "posts".* FROM "posts" WHERE "posts"."id" = ? LIMIT ?[0m  [["id", 1], ["LIMIT", 1]]
  ↳ app/views/post_comments/_post_comment.html.erb:8
  [1m[36mCACHE User Load (0.0ms)[0m  [1m[34mSELECT "users".* FROM "users" WHERE "users"."deleted_at" IS NULL AND "users"."id" = ? LIMIT ?[0m  [["id", 1], ["LIMIT", 1]]
  ↳ app/views/post_comments/_post_comment.html.erb:3
  [1m[36mCACHE Post Load (0.0ms)[0m  [1m[34mSELECT "posts".* FROM "posts" WHERE "posts"."id" = ? LIMIT ?[0m  [["id", 1], ["LIMIT", 1]]
  ↳ app/views/post_comments/_post_comment.html.erb:8
  [1m[36mCACHE User Load (0.0ms)[0m  [1m[34mSELECT "users".* FROM "users" WHERE "users"."deleted_at" IS NULL AND "users"."id" = ? LIMIT ?[0m  [["id", 1], ["LIMIT", 1]]
  ↳ app/views/post_comments/_post_comment.html.erb:3
  [1m[36mCACHE Post Load (0.0ms)[0m  [1m[34mSELECT "posts".* FROM "posts" WHERE "posts"."id" = ? LIMIT ?[0m  [["id", 1], ["LIMIT", 1]]
  ↳ app/views/post_comments/_post_comment.html.erb:8
  Rendered post_comments/_post_comment.html.erb (Duration: 10.6ms | Allocations: 7614)
  Rendered post_comments/destroy.js.erb (Duration: 10.9ms | Allocations: 7798)
Completed 200 OK in 17ms (Views: 11.0ms | ActiveRecord: 1.7ms | Allocations: 12530)


